Started GET "/" for 127.0.0.1 at 2018-11-09 15:26:52 +0800
  
ActiveRecord::NoDatabaseError (FATAL:  database "airbnb2_development" does not exist
):
  
activerecord (5.2.1) lib/active_record/connection_adapters/postgresql_adapter.rb:688:in `rescue in connect'
activerecord (5.2.1) lib/active_record/connection_adapters/postgresql_adapter.rb:683:in `connect'
activerecord (5.2.1) lib/active_record/connection_adapters/postgresql_adapter.rb:215:in `initialize'
activerecord (5.2.1) lib/active_record/connection_adapters/postgresql_adapter.rb:40:in `new'
activerecord (5.2.1) lib/active_record/connection_adapters/postgresql_adapter.rb:40:in `postgresql_connection'
activerecord (5.2.1) lib/active_record/connection_adapters/abstract/connection_pool.rb:809:in `new_connection'
activerecord (5.2.1) lib/active_record/connection_adapters/abstract/connection_pool.rb:853:in `checkout_new_connection'
activerecord (5.2.1) lib/active_record/connection_adapters/abstract/connection_pool.rb:832:in `try_to_checkout_new_connection'
activerecord (5.2.1) lib/active_record/connection_adapters/abstract/connection_pool.rb:793:in `acquire_connection'
activerecord (5.2.1) lib/active_record/connection_adapters/abstract/connection_pool.rb:521:in `checkout'
activerecord (5.2.1) lib/active_record/connection_adapters/abstract/connection_pool.rb:380:in `connection'
activerecord (5.2.1) lib/active_record/connection_adapters/abstract/connection_pool.rb:1008:in `retrieve_connection'
activerecord (5.2.1) lib/active_record/connection_handling.rb:118:in `retrieve_connection'
activerecord (5.2.1) lib/active_record/connection_handling.rb:90:in `connection'
activerecord (5.2.1) lib/active_record/migration.rb:554:in `call'
actionpack (5.2.1) lib/action_dispatch/middleware/callbacks.rb:28:in `block in call'
activesupport (5.2.1) lib/active_support/callbacks.rb:98:in `run_callbacks'
actionpack (5.2.1) lib/action_dispatch/middleware/callbacks.rb:26:in `call'
actionpack (5.2.1) lib/action_dispatch/middleware/executor.rb:14:in `call'
actionpack (5.2.1) lib/action_dispatch/middleware/debug_exceptions.rb:61:in `call'
web-console (3.7.0) lib/web_console/middleware.rb:135:in `call_app'
web-console (3.7.0) lib/web_console/middleware.rb:30:in `block in call'
web-console (3.7.0) lib/web_console/middleware.rb:20:in `catch'
web-console (3.7.0) lib/web_console/middleware.rb:20:in `call'
actionpack (5.2.1) lib/action_dispatch/middleware/show_exceptions.rb:33:in `call'
railties (5.2.1) lib/rails/rack/logger.rb:38:in `call_app'
railties (5.2.1) lib/rails/rack/logger.rb:26:in `block in call'
activesupport (5.2.1) lib/active_support/tagged_logging.rb:71:in `block in tagged'
activesupport (5.2.1) lib/active_support/tagged_logging.rb:28:in `tagged'
activesupport (5.2.1) lib/active_support/tagged_logging.rb:71:in `tagged'
railties (5.2.1) lib/rails/rack/logger.rb:26:in `call'
sprockets-rails (3.2.1) lib/sprockets/rails/quiet_assets.rb:13:in `call'
actionpack (5.2.1) lib/action_dispatch/middleware/remote_ip.rb:81:in `call'
actionpack (5.2.1) lib/action_dispatch/middleware/request_id.rb:27:in `call'
rack (2.0.6) lib/rack/method_override.rb:22:in `call'
rack (2.0.6) lib/rack/runtime.rb:22:in `call'
activesupport (5.2.1) lib/active_support/cache/strategy/local_cache_middleware.rb:29:in `call'
actionpack (5.2.1) lib/action_dispatch/middleware/executor.rb:14:in `call'
actionpack (5.2.1) lib/action_dispatch/middleware/static.rb:127:in `call'
rack (2.0.6) lib/rack/sendfile.rb:111:in `call'
railties (5.2.1) lib/rails/engine.rb:524:in `call'
puma (3.12.0) lib/puma/configuration.rb:225:in `call'
puma (3.12.0) lib/puma/server.rb:658:in `handle_request'
puma (3.12.0) lib/puma/server.rb:472:in `process_client'
puma (3.12.0) lib/puma/server.rb:332:in `block in run'
puma (3.12.0) lib/puma/thread_pool.rb:133:in `block in spawn_thread'
  [1m[35m (590.1ms)[0m  [1m[35mCREATE DATABASE "airbnb2_development" ENCODING = 'unicode'[0m
  ↳ bin/rails:9
  [1m[35m (463.3ms)[0m  [1m[35mCREATE DATABASE "airbnb2_test" ENCODING = 'unicode'[0m
  ↳ bin/rails:9
Started GET "/" for 127.0.0.1 at 2018-11-09 15:27:09 +0800
Processing by Rails::WelcomeController#index as HTML
  Rendering /Users/matthewcross/.rbenv/versions/2.5.1/lib/ruby/gems/2.5.0/gems/railties-5.2.1/lib/rails/templates/rails/welcome/index.html.erb
  Rendered /Users/matthewcross/.rbenv/versions/2.5.1/lib/ruby/gems/2.5.0/gems/railties-5.2.1/lib/rails/templates/rails/welcome/index.html.erb (3.1ms)
Completed 200 OK in 23ms (Views: 8.0ms | ActiveRecord: 0.0ms)


Started GET "/" for 127.0.0.1 at 2018-11-09 15:27:51 +0800
Processing by Rails::WelcomeController#index as HTML
  Rendering /Users/matthewcross/.rbenv/versions/2.5.1/lib/ruby/gems/2.5.0/gems/railties-5.2.1/lib/rails/templates/rails/welcome/index.html.erb
  Rendered /Users/matthewcross/.rbenv/versions/2.5.1/lib/ruby/gems/2.5.0/gems/railties-5.2.1/lib/rails/templates/rails/welcome/index.html.erb (3.8ms)
Completed 200 OK in 18ms (Views: 11.2ms | ActiveRecord: 0.0ms)


Started GET "/" for 127.0.0.1 at 2018-11-09 15:28:23 +0800
Processing by WelcomeController#index as HTML
  Rendering welcome/index.html.erb within layouts/application
  Rendered welcome/index.html.erb within layouts/application (0.4ms)
Completed 200 OK in 2862ms (Views: 2859.8ms | ActiveRecord: 0.0ms)


  [1m[35m (48.5ms)[0m  [1m[35mCREATE TABLE "schema_migrations" ("version" character varying NOT NULL PRIMARY KEY)[0m
  ↳ bin/rails:9
  [1m[35m (45.7ms)[0m  [1m[35mCREATE TABLE "ar_internal_metadata" ("key" character varying NOT NULL PRIMARY KEY, "value" character varying, "created_at" timestamp NOT NULL, "updated_at" timestamp NOT NULL)[0m
  ↳ bin/rails:9
  [1m[35m (0.3ms)[0m  [1m[34mSELECT pg_try_advisory_lock(1916752905146403135)[0m
  ↳ bin/rails:9
  [1m[35m (1.2ms)[0m  [1m[34mSELECT "schema_migrations"."version" FROM "schema_migrations" ORDER BY "schema_migrations"."version" ASC[0m
  ↳ bin/rails:9
Migrating to CreateUsers (20181109073011)
  [1m[35m (0.2ms)[0m  [1m[35mBEGIN[0m
  ↳ bin/rails:9
  [1m[35m (45.4ms)[0m  [1m[35mCREATE TABLE "users" ("id" bigserial primary key, "created_at" timestamp NOT NULL, "updated_at" timestamp NOT NULL, "email" character varying NOT NULL, "encrypted_password" character varying(128) NOT NULL, "confirmation_token" character varying(128), "remember_token" character varying(128) NOT NULL)[0m
  ↳ db/migrate/20181109073011_create_users.rb:3
  [1m[35m (1.4ms)[0m  [1m[35mCREATE  INDEX  "index_users_on_email" ON "users"  ("email")[0m
  ↳ db/migrate/20181109073011_create_users.rb:11
  [1m[35m (1.1ms)[0m  [1m[35mCREATE  INDEX  "index_users_on_remember_token" ON "users"  ("remember_token")[0m
  ↳ db/migrate/20181109073011_create_users.rb:12
  [1m[36mActiveRecord::SchemaMigration Create (0.8ms)[0m  [1m[32mINSERT INTO "schema_migrations" ("version") VALUES ($1) RETURNING "version"[0m  [["version", "20181109073011"]]
  ↳ bin/rails:9
  [1m[35m (0.6ms)[0m  [1m[35mCOMMIT[0m
  ↳ bin/rails:9
  [1m[36mActiveRecord::InternalMetadata Load (0.4ms)[0m  [1m[34mSELECT  "ar_internal_metadata".* FROM "ar_internal_metadata" WHERE "ar_internal_metadata"."key" = $1 LIMIT $2[0m  [["key", "environment"], ["LIMIT", 1]]
  ↳ bin/rails:9
  [1m[35m (0.2ms)[0m  [1m[35mBEGIN[0m
  ↳ bin/rails:9
  [1m[36mActiveRecord::InternalMetadata Create (0.6ms)[0m  [1m[32mINSERT INTO "ar_internal_metadata" ("key", "value", "created_at", "updated_at") VALUES ($1, $2, $3, $4) RETURNING "key"[0m  [["key", "environment"], ["value", "development"], ["created_at", "2018-11-09 07:30:44.321772"], ["updated_at", "2018-11-09 07:30:44.321772"]]
  ↳ bin/rails:9
  [1m[35m (40.1ms)[0m  [1m[35mCOMMIT[0m
  ↳ bin/rails:9
  [1m[35m (0.4ms)[0m  [1m[34mSELECT pg_advisory_unlock(1916752905146403135)[0m
  ↳ bin/rails:9
  [1m[35m (0.3ms)[0m  [1m[34mSELECT "schema_migrations"."version" FROM "schema_migrations" ORDER BY "schema_migrations"."version" ASC[0m
  ↳ bin/rails:9
Started GET "/" for 127.0.0.1 at 2018-11-09 15:32:04 +0800
  [1m[35m (0.9ms)[0m  [1m[34mSELECT "schema_migrations"."version" FROM "schema_migrations" ORDER BY "schema_migrations"."version" ASC[0m
  ↳ /Users/matthewcross/.rbenv/versions/2.5.1/lib/ruby/gems/2.5.0/gems/activerecord-5.2.1/lib/active_record/log_subscriber.rb:98
  
ActionController::RoutingError (uninitialized constant ApplicationController::Clearance):
  
app/controllers/application_controller.rb:2:in `<class:ApplicationController>'
app/controllers/application_controller.rb:1:in `<main>'
app/controllers/welcome_controller.rb:1:in `<main>'
Started GET "/" for 127.0.0.1 at 2018-11-09 15:33:35 +0800
  
ActionController::RoutingError (uninitialized constant ApplicationController::Clearance):
  
app/controllers/application_controller.rb:2:in `<class:ApplicationController>'
app/controllers/application_controller.rb:1:in `<main>'
app/controllers/welcome_controller.rb:1:in `<main>'
Started GET "/" for 127.0.0.1 at 2018-11-09 15:35:15 +0800
  
ActionController::RoutingError (uninitialized constant ApplicationController::Clearance):
  
app/controllers/application_controller.rb:2:in `<class:ApplicationController>'
app/controllers/application_controller.rb:1:in `<main>'
app/controllers/welcome_controller.rb:1:in `<main>'
Started GET "/" for 127.0.0.1 at 2018-11-09 15:35:39 +0800
  [1m[35m (0.8ms)[0m  [1m[34mSELECT "schema_migrations"."version" FROM "schema_migrations" ORDER BY "schema_migrations"."version" ASC[0m
  ↳ /Users/matthewcross/.rbenv/versions/2.5.1/lib/ruby/gems/2.5.0/gems/activerecord-5.2.1/lib/active_record/log_subscriber.rb:98
Processing by WelcomeController#index as HTML
  Rendering welcome/index.html.erb within layouts/application
  Rendered welcome/index.html.erb within layouts/application (1.2ms)
Completed 200 OK in 2072ms (Views: 2060.0ms | ActiveRecord: 0.0ms)


Started GET "/sign_in" for 127.0.0.1 at 2018-11-09 15:35:44 +0800
Processing by Clearance::SessionsController#new as HTML
  Rendering sessions/new.html.erb within layouts/application
  Rendered sessions/_form.html.erb (22.2ms)
  Rendered sessions/new.html.erb within layouts/application (25.6ms)
Completed 200 OK in 63ms (Views: 61.6ms | ActiveRecord: 0.0ms)


Started GET "/sign_up" for 127.0.0.1 at 2018-11-09 15:35:45 +0800
Processing by Clearance::UsersController#new as HTML
  Rendering users/new.html.erb within layouts/application
  Rendered users/_form.html.erb (1.4ms)
  Rendered users/new.html.erb within layouts/application (5.9ms)
Completed 200 OK in 115ms (Views: 42.4ms | ActiveRecord: 6.8ms)


Started POST "/users" for 127.0.0.1 at 2018-11-09 15:35:54 +0800
  
TypeError (wrong argument type Class (expected Module)):
  
app/controllers/users_controller.rb:2:in `include'
app/controllers/users_controller.rb:2:in `<class:UsersController>'
app/controllers/users_controller.rb:1:in `<main>'
Started POST "/users" for 127.0.0.1 at 2018-11-09 15:36:24 +0800
  
AbstractController::ActionNotFound (The action 'create' could not be found for UsersController):
  
actionpack (5.2.1) lib/abstract_controller/base.rb:129:in `process'
actionview (5.2.1) lib/action_view/rendering.rb:32:in `process'
actionpack (5.2.1) lib/action_controller/metal.rb:191:in `dispatch'
actionpack (5.2.1) lib/action_controller/metal.rb:252:in `dispatch'
actionpack (5.2.1) lib/action_dispatch/routing/route_set.rb:52:in `dispatch'
actionpack (5.2.1) lib/action_dispatch/routing/route_set.rb:34:in `serve'
actionpack (5.2.1) lib/action_dispatch/journey/router.rb:52:in `block in serve'
actionpack (5.2.1) lib/action_dispatch/journey/router.rb:35:in `each'
actionpack (5.2.1) lib/action_dispatch/journey/router.rb:35:in `serve'
actionpack (5.2.1) lib/action_dispatch/routing/route_set.rb:840:in `call'
clearance (1.16.1) lib/clearance/rack_session.rb:23:in `call'
rack (2.0.6) lib/rack/tempfile_reaper.rb:15:in `call'
rack (2.0.6) lib/rack/etag.rb:25:in `call'
rack (2.0.6) lib/rack/conditional_get.rb:38:in `call'
rack (2.0.6) lib/rack/head.rb:12:in `call'
actionpack (5.2.1) lib/action_dispatch/http/content_security_policy.rb:18:in `call'
rack (2.0.6) lib/rack/session/abstract/id.rb:232:in `context'
rack (2.0.6) lib/rack/session/abstract/id.rb:226:in `call'
actionpack (5.2.1) lib/action_dispatch/middleware/cookies.rb:670:in `call'
activerecord (5.2.1) lib/active_record/migration.rb:559:in `call'
actionpack (5.2.1) lib/action_dispatch/middleware/callbacks.rb:28:in `block in call'
activesupport (5.2.1) lib/active_support/callbacks.rb:98:in `run_callbacks'
actionpack (5.2.1) lib/action_dispatch/middleware/callbacks.rb:26:in `call'
actionpack (5.2.1) lib/action_dispatch/middleware/executor.rb:14:in `call'
actionpack (5.2.1) lib/action_dispatch/middleware/debug_exceptions.rb:61:in `call'
web-console (3.7.0) lib/web_console/middleware.rb:135:in `call_app'
web-console (3.7.0) lib/web_console/middleware.rb:30:in `block in call'
web-console (3.7.0) lib/web_console/middleware.rb:20:in `catch'
web-console (3.7.0) lib/web_console/middleware.rb:20:in `call'
actionpack (5.2.1) lib/action_dispatch/middleware/show_exceptions.rb:33:in `call'
railties (5.2.1) lib/rails/rack/logger.rb:38:in `call_app'
railties (5.2.1) lib/rails/rack/logger.rb:26:in `block in call'
activesupport (5.2.1) lib/active_support/tagged_logging.rb:71:in `block in tagged'
activesupport (5.2.1) lib/active_support/tagged_logging.rb:28:in `tagged'
activesupport (5.2.1) lib/active_support/tagged_logging.rb:71:in `tagged'
railties (5.2.1) lib/rails/rack/logger.rb:26:in `call'
sprockets-rails (3.2.1) lib/sprockets/rails/quiet_assets.rb:13:in `call'
actionpack (5.2.1) lib/action_dispatch/middleware/remote_ip.rb:81:in `call'
actionpack (5.2.1) lib/action_dispatch/middleware/request_id.rb:27:in `call'
rack (2.0.6) lib/rack/method_override.rb:22:in `call'
rack (2.0.6) lib/rack/runtime.rb:22:in `call'
activesupport (5.2.1) lib/active_support/cache/strategy/local_cache_middleware.rb:29:in `call'
actionpack (5.2.1) lib/action_dispatch/middleware/executor.rb:14:in `call'
actionpack (5.2.1) lib/action_dispatch/middleware/static.rb:127:in `call'
rack (2.0.6) lib/rack/sendfile.rb:111:in `call'
railties (5.2.1) lib/rails/engine.rb:524:in `call'
puma (3.12.0) lib/puma/configuration.rb:225:in `call'
puma (3.12.0) lib/puma/server.rb:658:in `handle_request'
puma (3.12.0) lib/puma/server.rb:472:in `process_client'
puma (3.12.0) lib/puma/server.rb:332:in `block in run'
puma (3.12.0) lib/puma/thread_pool.rb:133:in `block in spawn_thread'
Started POST "/users" for 127.0.0.1 at 2018-11-09 15:37:28 +0800
Processing by UsersController#create as HTML
  Parameters: {"utf8"=>"✓", "authenticity_token"=>"[FILTERED]", "user"=>{"email"=>"john@smith.com", "password"=>"[FILTERED]"}, "commit"=>"Sign up"}
No template found for UsersController#create, rendering head :no_content
Completed 204 No Content in 396ms (ActiveRecord: 0.0ms)


Started GET "/sign_up" for 127.0.0.1 at 2018-11-09 15:39:03 +0800
Processing by Clearance::UsersController#new as HTML
  Rendering users/new.html.erb within layouts/application
  Rendered users/_form.html.erb (2.5ms)
  Rendered users/new.html.erb within layouts/application (7.1ms)
Completed 200 OK in 54ms (Views: 39.6ms | ActiveRecord: 3.7ms)


Started POST "/users" for 127.0.0.1 at 2018-11-09 15:39:12 +0800
Processing by UsersController#create as HTML
  Parameters: {"utf8"=>"✓", "authenticity_token"=>"[FILTERED]", "user"=>{"email"=>"matt@hotmail.com", "password"=>"[FILTERED]"}, "commit"=>"Sign up"}
  [1m[35m (0.2ms)[0m  [1m[35mBEGIN[0m
  ↳ app/controllers/users_controller.rb:7
  [1m[36mUser Exists (1.8ms)[0m  [1m[34mSELECT  1 AS one FROM "users" WHERE "users"."email" = $1 LIMIT $2[0m  [["email", "matt@hotmail.com"], ["LIMIT", 1]]
  ↳ app/controllers/users_controller.rb:7
  [1m[36mUser Create (1.1ms)[0m  [1m[32mINSERT INTO "users" ("created_at", "updated_at", "email", "encrypted_password", "remember_token") VALUES ($1, $2, $3, $4, $5) RETURNING "id"[0m  [["created_at", "2018-11-09 07:39:12.572680"], ["updated_at", "2018-11-09 07:39:12.572680"], ["email", "matt@hotmail.com"], ["encrypted_password", "$2a$10$PLS2rfLbXN4bJ6hUL5joS.HP.4WpIUaaAOACoY/cx.WFr3EgXf3xu"], ["remember_token", "09d9e7feceb180aaf2df0576cdd13d5909e2787a"]]
  ↳ app/controllers/users_controller.rb:7
  [1m[35m (0.5ms)[0m  [1m[35mCOMMIT[0m
  ↳ app/controllers/users_controller.rb:7
Redirected to http://localhost:3000/
Completed 302 Found in 87ms (ActiveRecord: 3.6ms)


Started GET "/" for 127.0.0.1 at 2018-11-09 15:39:12 +0800
Processing by WelcomeController#index as HTML
  Rendering welcome/index.html.erb within layouts/application
  Rendered welcome/index.html.erb within layouts/application (0.4ms)
Completed 200 OK in 29ms (Views: 26.5ms | ActiveRecord: 0.0ms)


Started GET "/sign_in" for 127.0.0.1 at 2018-11-09 15:39:16 +0800
Processing by Clearance::SessionsController#new as HTML
  Rendering sessions/new.html.erb within layouts/application
  Rendered sessions/_form.html.erb (3.5ms)
  Rendered sessions/new.html.erb within layouts/application (8.6ms)
Completed 200 OK in 60ms (Views: 58.7ms | ActiveRecord: 0.0ms)


Started POST "/session" for 127.0.0.1 at 2018-11-09 15:39:23 +0800
Processing by Clearance::SessionsController#create as HTML
  Parameters: {"utf8"=>"✓", "authenticity_token"=>"[FILTERED]", "session"=>{"email"=>"matt@hotmail.com", "password"=>"[FILTERED]"}, "commit"=>"Sign in"}
  [1m[36mUser Load (0.4ms)[0m  [1m[34mSELECT  "users".* FROM "users" WHERE "users"."email" = $1 LIMIT $2[0m  [["email", "matt@hotmail.com"], ["LIMIT", 1]]
  ↳ /Users/matthewcross/.rbenv/versions/2.5.1/lib/ruby/gems/2.5.0/gems/activerecord-5.2.1/lib/active_record/log_subscriber.rb:98
Redirected to http://localhost:3000/
Completed 302 Found in 83ms (ActiveRecord: 0.6ms)


Started GET "/" for 127.0.0.1 at 2018-11-09 15:39:23 +0800
Processing by WelcomeController#index as HTML
  Rendering welcome/index.html.erb within layouts/application
  Rendered welcome/index.html.erb within layouts/application (0.4ms)
  [1m[36mUser Load (0.7ms)[0m  [1m[34mSELECT  "users".* FROM "users" WHERE "users"."remember_token" = $1 ORDER BY "users"."id" ASC LIMIT $2[0m  [["remember_token", "09d9e7feceb180aaf2df0576cdd13d5909e2787a"], ["LIMIT", 1]]
  ↳ app/views/layouts/application.html.erb:9
Completed 200 OK in 30ms (Views: 26.4ms | ActiveRecord: 0.7ms)


Started DELETE "/sign_out" for 127.0.0.1 at 2018-11-09 15:39:25 +0800
Processing by Clearance::SessionsController#destroy as HTML
  Parameters: {"authenticity_token"=>"[FILTERED]"}
  [1m[36mUser Load (0.6ms)[0m  [1m[34mSELECT  "users".* FROM "users" WHERE "users"."remember_token" = $1 ORDER BY "users"."id" ASC LIMIT $2[0m  [["remember_token", "09d9e7feceb180aaf2df0576cdd13d5909e2787a"], ["LIMIT", 1]]
  ↳ /Users/matthewcross/.rbenv/versions/2.5.1/lib/ruby/gems/2.5.0/gems/activerecord-5.2.1/lib/active_record/log_subscriber.rb:98
  [1m[35m (0.2ms)[0m  [1m[35mBEGIN[0m
  ↳ /Users/matthewcross/.rbenv/versions/2.5.1/lib/ruby/gems/2.5.0/gems/activerecord-5.2.1/lib/active_record/log_subscriber.rb:98
  [1m[36mUser Update (0.6ms)[0m  [1m[33mUPDATE "users" SET "remember_token" = $1, "updated_at" = $2 WHERE "users"."id" = $3[0m  [["remember_token", "325a1514b2c5cff763fbba5facdccae19a04aa67"], ["updated_at", "2018-11-09 07:39:25.235937"], ["id", 1]]
  ↳ /Users/matthewcross/.rbenv/versions/2.5.1/lib/ruby/gems/2.5.0/gems/activerecord-5.2.1/lib/active_record/log_subscriber.rb:98
  [1m[35m (1.7ms)[0m  [1m[35mCOMMIT[0m
  ↳ /Users/matthewcross/.rbenv/versions/2.5.1/lib/ruby/gems/2.5.0/gems/activerecord-5.2.1/lib/active_record/log_subscriber.rb:98
Redirected to http://localhost:3000/sign_in
Completed 302 Found in 9ms (ActiveRecord: 3.1ms)


Started GET "/sign_in" for 127.0.0.1 at 2018-11-09 15:39:25 +0800
Processing by Clearance::SessionsController#new as HTML
  Rendering sessions/new.html.erb within layouts/application
  Rendered sessions/_form.html.erb (2.5ms)
  Rendered sessions/new.html.erb within layouts/application (5.4ms)
Completed 200 OK in 52ms (Views: 51.2ms | ActiveRecord: 0.0ms)


Started GET "/sign_in" for 127.0.0.1 at 2018-11-09 15:40:05 +0800
Processing by Clearance::SessionsController#new as HTML
  Rendering sessions/new.html.erb within layouts/application
  Rendered sessions/_form.html.erb (1.7ms)
  Rendered sessions/new.html.erb within layouts/application (4.4ms)
Completed 200 OK in 48ms (Views: 47.0ms | ActiveRecord: 0.0ms)


  [1m[36mUser Load (0.9ms)[0m  [1m[34mSELECT  "users".* FROM "users" LIMIT $1[0m  [["LIMIT", 11]]
Started GET "/sign_in" for 127.0.0.1 at 2018-11-09 15:41:27 +0800
Processing by Clearance::SessionsController#new as HTML
  Rendering sessions/new.html.erb within layouts/application
  Rendered sessions/_form.html.erb (1.6ms)
  Rendered sessions/new.html.erb within layouts/application (4.2ms)
Completed 200 OK in 37ms (Views: 36.5ms | ActiveRecord: 0.0ms)


Started GET "/sign_in" for 127.0.0.1 at 2018-11-09 15:41:29 +0800
Processing by Clearance::SessionsController#new as HTML
  Rendering sessions/new.html.erb within layouts/application
  Rendered sessions/_form.html.erb (1.7ms)
  Rendered sessions/new.html.erb within layouts/application (5.1ms)
Completed 200 OK in 41ms (Views: 40.4ms | ActiveRecord: 0.0ms)


Started GET "/sign_in" for 127.0.0.1 at 2018-11-09 15:42:30 +0800
Processing by Clearance::SessionsController#new as HTML
  Rendering sessions/new.html.erb within layouts/application
  Rendered sessions/_form.html.erb (1.5ms)
  Rendered sessions/new.html.erb within layouts/application (4.2ms)
Completed 200 OK in 72ms (Views: 71.5ms | ActiveRecord: 0.0ms)


Started GET "/sign_in" for 127.0.0.1 at 2018-11-09 15:42:32 +0800
Processing by Clearance::SessionsController#new as HTML
  Rendering sessions/new.html.erb within layouts/application
  Rendered sessions/_form.html.erb (1.9ms)
  Rendered sessions/new.html.erb within layouts/application (6.1ms)
Completed 200 OK in 43ms (Views: 41.8ms | ActiveRecord: 0.0ms)


Started GET "/sign_in" for 127.0.0.1 at 2018-11-09 15:43:05 +0800
Processing by Clearance::SessionsController#new as HTML
  Rendering sessions/new.html.erb within layouts/application
  Rendered sessions/_form.html.erb (1.9ms)
  Rendered sessions/new.html.erb within layouts/application (4.8ms)
Completed 200 OK in 47ms (Views: 46.4ms | ActiveRecord: 0.0ms)


Started GET "/sign_in" for 127.0.0.1 at 2018-11-09 15:43:07 +0800
Processing by Clearance::SessionsController#new as HTML
  Rendering sessions/new.html.erb within layouts/application
  Rendered sessions/_form.html.erb (2.1ms)
  Rendered sessions/new.html.erb within layouts/application (5.8ms)
Completed 200 OK in 42ms (Views: 41.7ms | ActiveRecord: 0.0ms)


Started GET "/sign_in" for 127.0.0.1 at 2018-11-09 15:43:13 +0800
Processing by Clearance::SessionsController#new as HTML
  Rendering sessions/new.html.erb within layouts/application
  Rendered sessions/_form.html.erb (2.0ms)
  Rendered sessions/new.html.erb within layouts/application (4.7ms)
Completed 200 OK in 43ms (Views: 42.1ms | ActiveRecord: 0.0ms)


Started GET "/sign_in" for 127.0.0.1 at 2018-11-09 15:43:31 +0800
Processing by Clearance::SessionsController#new as HTML
  Rendering sessions/new.html.erb within layouts/application
  Rendered sessions/_form.html.erb (1.6ms)
  Rendered sessions/new.html.erb within layouts/application (4.6ms)
Completed 200 OK in 328ms (Views: 327.4ms | ActiveRecord: 0.0ms)


Started GET "/sign_in" for 127.0.0.1 at 2018-11-09 15:43:45 +0800
  [1m[35m (0.8ms)[0m  [1m[34mSELECT "schema_migrations"."version" FROM "schema_migrations" ORDER BY "schema_migrations"."version" ASC[0m
  ↳ /Users/matthewcross/.rbenv/versions/2.5.1/lib/ruby/gems/2.5.0/gems/activerecord-5.2.1/lib/active_record/log_subscriber.rb:98
Processing by Clearance::SessionsController#new as HTML
  Rendering sessions/new.html.erb within layouts/application
  Rendered sessions/_form.html.erb (7.4ms)
  Rendered sessions/new.html.erb within layouts/application (12.4ms)
Completed 200 OK in 6439ms (Views: 6430.6ms | ActiveRecord: 0.0ms)


Started GET "/sign_in" for 127.0.0.1 at 2018-11-09 15:45:50 +0800
Processing by Clearance::SessionsController#new as HTML
  Rendering sessions/new.html.erb within layouts/application
  Rendered sessions/_form.html.erb (2.5ms)
  Rendered sessions/new.html.erb within layouts/application (5.3ms)
Completed 500 Internal Server Error in 291ms (ActiveRecord: 0.0ms)


  
ActionView::Template::Error (undefined method `stylesheet_tag' for #<#<Class:0x00007fcc8a226858>:0x00007fcc8fd06db8>
Did you mean?  stylesheet_path
               stylesheet_url):
    1: <!DOCTYPE html>
    2: <html>
    3: <head>
    4:   <%= stylesheet_tag 'application' %>
    5:   <%= javascript_include_tag 'application' %>
    6:   <%= csrf_meta_tag %>
    7: </head>
  
app/views/layouts/application.html.erb:4:in `_app_views_layouts_application_html_erb___1945501441474559704_70258281397680'
Started GET "/sign_in" for 127.0.0.1 at 2018-11-09 15:46:14 +0800
Processing by Clearance::SessionsController#new as HTML
  Rendering sessions/new.html.erb within layouts/application
  Rendered sessions/_form.html.erb (2.4ms)
  Rendered sessions/new.html.erb within layouts/application (6.6ms)
Completed 200 OK in 119ms (Views: 118.4ms | ActiveRecord: 0.0ms)


Started GET "/sign_up" for 127.0.0.1 at 2018-11-09 15:46:24 +0800
Processing by Clearance::UsersController#new as HTML
  Rendering users/new.html.erb within layouts/application
  Rendered users/_form.html.erb (1.1ms)
  Rendered users/new.html.erb within layouts/application (4.7ms)
Completed 200 OK in 108ms (Views: 70.5ms | ActiveRecord: 12.6ms)


Started GET "/" for 127.0.0.1 at 2018-11-09 15:46:30 +0800
Processing by WelcomeController#index as HTML
  Rendering welcome/index.html.erb within layouts/application
  Rendered welcome/index.html.erb within layouts/application (0.6ms)
Completed 200 OK in 69ms (Views: 65.7ms | ActiveRecord: 0.0ms)


Started GET "/" for 127.0.0.1 at 2018-11-09 15:46:52 +0800
Processing by WelcomeController#index as HTML
  Rendering welcome/index.html.erb within layouts/application
  Rendered welcome/index.html.erb within layouts/application (0.4ms)
Completed 200 OK in 78ms (Views: 74.4ms | ActiveRecord: 0.0ms)


Started GET "/" for 127.0.0.1 at 2018-11-12 13:30:18 +0800
  [1m[35m (2.9ms)[0m  [1m[34mSELECT "schema_migrations"."version" FROM "schema_migrations" ORDER BY "schema_migrations"."version" ASC[0m
  ↳ /Users/matthewcross/.rbenv/versions/2.5.1/lib/ruby/gems/2.5.0/gems/activerecord-5.2.1/lib/active_record/log_subscriber.rb:98
Processing by WelcomeController#index as HTML
  Rendering welcome/index.html.erb within layouts/application
  Rendered welcome/index.html.erb within layouts/application (1.4ms)
Started GET "/" for 127.0.0.1 at 2018-11-12 13:30:22 +0800
Processing by WelcomeController#index as HTML
  Rendering welcome/index.html.erb within layouts/application
  Rendered welcome/index.html.erb within layouts/application (0.5ms)
Started GET "/" for 127.0.0.1 at 2018-11-12 13:30:53 +0800
Processing by WelcomeController#index as HTML
  Rendering welcome/index.html.erb within layouts/application
  Rendered welcome/index.html.erb within layouts/application (0.8ms)
Started GET "/" for 127.0.0.1 at 2018-11-12 13:31:00 +0800
Processing by WelcomeController#index as HTML
  Rendering welcome/index.html.erb within layouts/application
  Rendered welcome/index.html.erb within layouts/application (0.4ms)
Completed 200 OK in 3608ms (Views: 3604.8ms | ActiveRecord: 0.0ms)


Completed 200 OK in 43244ms (Views: 43241.0ms | ActiveRecord: 0.0ms)


Completed 200 OK in 46801ms (Views: 46790.1ms | ActiveRecord: 0.0ms)


Completed 200 OK in 13548ms (Views: 13543.3ms | ActiveRecord: 0.0ms)


Started GET "/" for 127.0.0.1 at 2018-11-12 13:35:50 +0800
Processing by WelcomeController#index as HTML
  Rendering welcome/index.html.erb within layouts/application
  Rendered welcome/index.html.erb within layouts/application (0.8ms)
Completed 200 OK in 144ms (Views: 141.7ms | ActiveRecord: 0.0ms)


Started GET "/sign_in" for 127.0.0.1 at 2018-11-12 13:35:53 +0800
Processing by Clearance::SessionsController#new as HTML
  Rendering sessions/new.html.erb within layouts/application
  Rendered sessions/_form.html.erb (10.0ms)
  Rendered sessions/new.html.erb within layouts/application (13.3ms)
Completed 200 OK in 151ms (Views: 149.9ms | ActiveRecord: 0.0ms)


Started GET "/sign_in" for 127.0.0.1 at 2018-11-12 13:36:25 +0800
Processing by Clearance::SessionsController#new as HTML
  Rendering sessions/new.html.erb within layouts/application
  Rendered sessions/_form.html.erb (2.3ms)
  Rendered sessions/new.html.erb within layouts/application (5.7ms)
Completed 200 OK in 180ms (Views: 179.6ms | ActiveRecord: 0.0ms)


Started GET "/sign_in" for 127.0.0.1 at 2018-11-12 13:36:29 +0800
Processing by Clearance::SessionsController#new as HTML
  Rendering sessions/new.html.erb within layouts/application
  Rendered sessions/_form.html.erb (2.7ms)
  Rendered sessions/new.html.erb within layouts/application (5.9ms)
Completed 200 OK in 160ms (Views: 158.8ms | ActiveRecord: 0.0ms)


Started GET "/sign_up" for 127.0.0.1 at 2018-11-12 13:36:35 +0800
Processing by Clearance::UsersController#new as HTML
  Rendering users/new.html.erb within layouts/application
  Rendered users/_form.html.erb (1.2ms)
  Rendered users/new.html.erb within layouts/application (5.3ms)
Completed 200 OK in 216ms (Views: 151.1ms | ActiveRecord: 32.4ms)


Started GET "/sign_up" for 127.0.0.1 at 2018-11-12 13:38:07 +0800
Processing by Clearance::UsersController#new as HTML
  Rendering users/new.html.erb within layouts/application
  Rendered users/_form.html.erb (1.6ms)
  Rendered users/new.html.erb within layouts/application (5.9ms)
Completed 200 OK in 161ms (Views: 160.3ms | ActiveRecord: 0.0ms)


Started GET "/sign_up" for 127.0.0.1 at 2018-11-12 13:39:18 +0800
Processing by Clearance::UsersController#new as HTML
  Rendering users/new.html.erb within layouts/application
  Rendered users/_form.html.erb (1.2ms)
  Rendered users/new.html.erb within layouts/application (5.8ms)
Completed 200 OK in 169ms (Views: 167.7ms | ActiveRecord: 0.0ms)


Started GET "/sign_up" for 127.0.0.1 at 2018-11-12 13:41:55 +0800
Processing by Clearance::UsersController#new as HTML
  Rendering users/new.html.erb within layouts/application
  Rendered users/_form.html.erb (1.5ms)
  Rendered users/new.html.erb within layouts/application (6.0ms)
Completed 200 OK in 157ms (Views: 155.6ms | ActiveRecord: 0.0ms)


Started GET "/sign_in" for 127.0.0.1 at 2018-11-12 13:42:13 +0800
Processing by Clearance::SessionsController#new as HTML
  Rendering sessions/new.html.erb within layouts/application
  Rendered sessions/_form.html.erb (2.3ms)
  Rendered sessions/new.html.erb within layouts/application (5.8ms)
Completed 200 OK in 165ms (Views: 163.9ms | ActiveRecord: 0.0ms)


Started GET "/sign_in" for 127.0.0.1 at 2018-11-12 13:44:30 +0800
Processing by Clearance::SessionsController#new as HTML
  Rendering sessions/new.html.erb within layouts/application
  Rendered sessions/_form.html.erb (2.9ms)
  Rendered sessions/new.html.erb within layouts/application (6.0ms)
Completed 200 OK in 154ms (Views: 153.4ms | ActiveRecord: 0.0ms)


Started GET "/sign_in" for 127.0.0.1 at 2018-11-12 13:45:02 +0800
Processing by Clearance::SessionsController#new as HTML
  Rendering sessions/new.html.erb within layouts/application
  Rendered sessions/_form.html.erb (2.8ms)
  Rendered sessions/new.html.erb within layouts/application (5.9ms)
Completed 200 OK in 161ms (Views: 160.6ms | ActiveRecord: 0.0ms)


Started GET "/sign_in" for 127.0.0.1 at 2018-11-12 13:45:32 +0800
Processing by Clearance::SessionsController#new as HTML
  Rendering sessions/new.html.erb within layouts/application
  Rendered sessions/_form.html.erb (3.3ms)
  Rendered sessions/new.html.erb within layouts/application (6.6ms)
Completed 200 OK in 152ms (Views: 151.5ms | ActiveRecord: 0.0ms)


Started GET "/sign_in" for 127.0.0.1 at 2018-11-12 13:46:15 +0800
Processing by Clearance::SessionsController#new as HTML
  Rendering sessions/new.html.erb within layouts/application
  Rendered sessions/_form.html.erb (1.7ms)
  Rendered sessions/new.html.erb within layouts/application (4.4ms)
Completed 200 OK in 162ms (Views: 160.8ms | ActiveRecord: 0.0ms)


Started GET "/sign_in" for 127.0.0.1 at 2018-11-12 13:59:22 +0800
Processing by Clearance::SessionsController#new as HTML
  Rendering sessions/new.html.erb within layouts/application
  Rendered sessions/_form.html.erb (1.6ms)
  Rendered sessions/new.html.erb within layouts/application (4.3ms)
Completed 200 OK in 150ms (Views: 149.4ms | ActiveRecord: 0.0ms)


Started GET "/sign_in" for 127.0.0.1 at 2018-11-12 14:00:12 +0800
Processing by Clearance::SessionsController#new as HTML
  Rendering sessions/new.html.erb within layouts/application
  Rendered sessions/_form.html.erb (2.5ms)
  Rendered sessions/new.html.erb within layouts/application (5.4ms)
Completed 200 OK in 158ms (Views: 157.0ms | ActiveRecord: 0.0ms)


Started GET "/sign_in" for 127.0.0.1 at 2018-11-12 14:00:22 +0800
Processing by Clearance::SessionsController#new as HTML
  Rendering sessions/new.html.erb within layouts/application
  Rendered sessions/_form.html.erb (2.3ms)
  Rendered sessions/new.html.erb within layouts/application (5.6ms)
Completed 200 OK in 158ms (Views: 157.4ms | ActiveRecord: 0.0ms)


Started GET "/sign_in" for 127.0.0.1 at 2018-11-12 14:01:14 +0800
Processing by Clearance::SessionsController#new as HTML
  Rendering sessions/new.html.erb within layouts/application
  Rendered sessions/_form.html.erb (2.9ms)
  Rendered sessions/new.html.erb within layouts/application (6.7ms)
Completed 200 OK in 10509ms (Views: 10507.7ms | ActiveRecord: 0.0ms)


Started GET "/sign_in" for 127.0.0.1 at 2018-11-12 14:01:37 +0800
Processing by Clearance::SessionsController#new as HTML
  Rendering sessions/new.html.erb within layouts/application
  Rendered sessions/_form.html.erb (2.0ms)
  Rendered sessions/new.html.erb within layouts/application (4.7ms)
Completed 200 OK in 9993ms (Views: 9992.4ms | ActiveRecord: 0.0ms)


Started GET "/sign_in" for 127.0.0.1 at 2018-11-12 14:05:32 +0800
Processing by Clearance::SessionsController#new as HTML
  Rendering sessions/new.html.erb within layouts/application
  Rendered sessions/_form.html.erb (2.6ms)
  Rendered sessions/new.html.erb within layouts/application (6.1ms)
Completed 200 OK in 162ms (Views: 160.9ms | ActiveRecord: 0.0ms)


Started GET "/sign_in" for 127.0.0.1 at 2018-11-12 14:05:36 +0800
Processing by Clearance::SessionsController#new as HTML
  Rendering sessions/new.html.erb within layouts/application
  Rendered sessions/_form.html.erb (2.4ms)
  Rendered sessions/new.html.erb within layouts/application (5.5ms)
Completed 200 OK in 156ms (Views: 155.1ms | ActiveRecord: 0.0ms)


Started GET "/sign_in" for 127.0.0.1 at 2018-11-12 14:16:08 +0800
Processing by Clearance::SessionsController#new as HTML
  Rendering sessions/new.html.erb within layouts/application
  Rendered sessions/_form.html.erb (2.3ms)
  Rendered sessions/new.html.erb within layouts/application (5.2ms)
Completed 200 OK in 158ms (Views: 157.9ms | ActiveRecord: 0.0ms)


Started GET "/sign_in" for 127.0.0.1 at 2018-11-12 14:16:13 +0800
Processing by Clearance::SessionsController#new as HTML
  Rendering sessions/new.html.erb within layouts/application
  Rendered sessions/_form.html.erb (2.2ms)
  Rendered sessions/new.html.erb within layouts/application (5.3ms)
Completed 200 OK in 174ms (Views: 173.6ms | ActiveRecord: 0.0ms)


Started GET "/sign_in" for 127.0.0.1 at 2018-11-12 14:16:21 +0800
Processing by Clearance::SessionsController#new as HTML
  Rendering sessions/new.html.erb within layouts/application
  Rendered sessions/_form.html.erb (2.5ms)
  Rendered sessions/new.html.erb within layouts/application (5.9ms)
Completed 200 OK in 149ms (Views: 148.3ms | ActiveRecord: 0.0ms)


Started GET "/sign_up" for 127.0.0.1 at 2018-11-12 14:16:32 +0800
Processing by Clearance::UsersController#new as HTML
  Rendering users/new.html.erb within layouts/application
  Rendered users/_form.html.erb (2.2ms)
  Rendered users/new.html.erb within layouts/application (8.1ms)
Completed 200 OK in 164ms (Views: 162.7ms | ActiveRecord: 0.0ms)


Started GET "/sign_up" for 127.0.0.1 at 2018-11-12 14:20:12 +0800
Processing by Clearance::UsersController#new as HTML
  Rendering users/new.html.erb within layouts/application
  Rendered users/_form.html.erb (1.9ms)
  Rendered users/new.html.erb within layouts/application (6.6ms)
Completed 200 OK in 155ms (Views: 154.0ms | ActiveRecord: 0.0ms)


Started GET "/sign_up" for 127.0.0.1 at 2018-11-12 14:25:58 +0800
Processing by Clearance::UsersController#new as HTML
  Rendering users/new.html.erb within layouts/application
  Rendered users/_form.html.erb (1.1ms)
  Rendered users/new.html.erb within layouts/application (4.7ms)
Completed 200 OK in 228ms (Views: 226.8ms | ActiveRecord: 0.0ms)


Started GET "/sign_up" for 127.0.0.1 at 2018-11-12 14:39:04 +0800
Processing by Clearance::UsersController#new as HTML
  Rendering users/new.html.erb within layouts/application
  Rendered users/_form.html.erb (1.4ms)
  Rendered users/new.html.erb within layouts/application (5.4ms)
Completed 200 OK in 172ms (Views: 171.4ms | ActiveRecord: 0.0ms)


Started GET "/sign_up" for 127.0.0.1 at 2018-11-12 14:39:07 +0800
Processing by Clearance::UsersController#new as HTML
  Rendering users/new.html.erb within layouts/application
  Rendered users/_form.html.erb (1.1ms)
  Rendered users/new.html.erb within layouts/application (5.0ms)
Completed 200 OK in 164ms (Views: 163.4ms | ActiveRecord: 0.0ms)


Started GET "/sign_up" for 127.0.0.1 at 2018-11-12 14:49:12 +0800
Processing by Clearance::UsersController#new as HTML
  Rendering users/new.html.erb within layouts/application
  Rendered users/_form.html.erb (1.3ms)
  Rendered users/new.html.erb within layouts/application (4.6ms)
Completed 200 OK in 170ms (Views: 168.7ms | ActiveRecord: 0.0ms)


Started GET "/sign_up" for 127.0.0.1 at 2018-11-12 14:49:45 +0800
Processing by Clearance::UsersController#new as HTML
  Rendering users/new.html.erb within layouts/application
  Rendered users/_form.html.erb (1.2ms)
  Rendered users/new.html.erb within layouts/application (4.8ms)
Completed 200 OK in 178ms (Views: 176.0ms | ActiveRecord: 0.0ms)


Started GET "/sign_up" for 127.0.0.1 at 2018-11-12 14:49:54 +0800
Processing by Clearance::UsersController#new as HTML
  Rendering users/new.html.erb within layouts/application
  Rendered users/_form.html.erb (1.1ms)
  Rendered users/new.html.erb within layouts/application (4.4ms)
Completed 200 OK in 159ms (Views: 157.6ms | ActiveRecord: 0.0ms)


Started GET "/sign_up" for 127.0.0.1 at 2018-11-12 14:50:20 +0800
Processing by Clearance::UsersController#new as HTML
  Rendering users/new.html.erb within layouts/application
  Rendered users/_form.html.erb (1.1ms)
  Rendered users/new.html.erb within layouts/application (4.4ms)
Completed 200 OK in 162ms (Views: 161.8ms | ActiveRecord: 0.0ms)


Started GET "/sign_up" for 127.0.0.1 at 2018-11-12 14:51:50 +0800
Processing by Clearance::UsersController#new as HTML
  Rendering users/new.html.erb within layouts/application
  Rendered users/_form.html.erb (1.4ms)
  Rendered users/new.html.erb within layouts/application (5.7ms)
Completed 200 OK in 191ms (Views: 190.2ms | ActiveRecord: 0.0ms)


Started GET "/sign_up" for 127.0.0.1 at 2018-11-12 14:52:26 +0800
Processing by Clearance::UsersController#new as HTML
  Rendering users/new.html.erb within layouts/application
  Rendered users/_form.html.erb (3.0ms)
  Rendered users/new.html.erb within layouts/application (7.9ms)
Completed 200 OK in 438ms (Views: 436.6ms | ActiveRecord: 0.0ms)


Started GET "/sign_up" for 127.0.0.1 at 2018-11-12 14:53:16 +0800
Processing by Clearance::UsersController#new as HTML
  Rendering users/new.html.erb within layouts/application
  Rendered users/_form.html.erb (2.0ms)
  Rendered users/new.html.erb within layouts/application (6.1ms)
Completed 200 OK in 167ms (Views: 164.9ms | ActiveRecord: 0.0ms)


Started GET "/sign_up" for 127.0.0.1 at 2018-11-12 14:54:35 +0800
Processing by Clearance::UsersController#new as HTML
  Rendering users/new.html.erb within layouts/application
  Rendered users/_form.html.erb (1.0ms)
  Rendered users/new.html.erb within layouts/application (4.6ms)
Completed 200 OK in 146ms (Views: 144.5ms | ActiveRecord: 0.0ms)


Started GET "/sign_up" for 127.0.0.1 at 2018-11-12 14:54:45 +0800
Processing by Clearance::UsersController#new as HTML
  Rendering users/new.html.erb within layouts/application
  Rendered users/_form.html.erb (1.1ms)
  Rendered users/new.html.erb within layouts/application (4.9ms)
Completed 200 OK in 150ms (Views: 148.4ms | ActiveRecord: 0.0ms)


Started GET "/sign_up" for 127.0.0.1 at 2018-11-12 14:54:59 +0800
Processing by Clearance::UsersController#new as HTML
  Rendering users/new.html.erb within layouts/application
  Rendered users/_form.html.erb (2.2ms)
  Rendered users/new.html.erb within layouts/application (6.1ms)
Completed 200 OK in 149ms (Views: 147.8ms | ActiveRecord: 0.0ms)


Started GET "/sign_up" for 127.0.0.1 at 2018-11-12 16:18:21 +0800
  [1m[35m (0.7ms)[0m  [1m[34mSELECT "schema_migrations"."version" FROM "schema_migrations" ORDER BY "schema_migrations"."version" ASC[0m
  ↳ /Users/matthewcross/.rbenv/versions/2.5.1/lib/ruby/gems/2.5.0/gems/activerecord-5.2.1/lib/active_record/log_subscriber.rb:98
Processing by Clearance::UsersController#new as HTML
  Rendering users/new.html.erb within layouts/application
  Rendered users/_form.html.erb (6.4ms)
  Rendered users/new.html.erb within layouts/application (10.6ms)
Completed 200 OK in 1213ms (Views: 1173.7ms | ActiveRecord: 4.9ms)


Started GET "/sign_up" for 127.0.0.1 at 2018-11-12 16:19:59 +0800
Processing by Clearance::UsersController#new as HTML
  Rendering users/new.html.erb within layouts/application
  Rendered users/_form.html.erb (1.1ms)
  Rendered users/new.html.erb within layouts/application (4.3ms)
Completed 200 OK in 155ms (Views: 153.9ms | ActiveRecord: 0.0ms)


Started GET "/sign_up" for 127.0.0.1 at 2018-11-12 16:20:02 +0800
Processing by Clearance::UsersController#new as HTML
  Rendering users/new.html.erb within layouts/application
  Rendered users/_form.html.erb (1.1ms)
  Rendered users/new.html.erb within layouts/application (4.2ms)
Completed 200 OK in 178ms (Views: 176.7ms | ActiveRecord: 0.0ms)


Started GET "/sign_up" for 127.0.0.1 at 2018-11-12 16:20:58 +0800
Processing by Clearance::UsersController#new as HTML
  Rendering users/new.html.erb within layouts/application
  Rendered users/new.html.erb within layouts/application (1.0ms)
Completed 500 Internal Server Error in 26ms (ActiveRecord: 0.0ms)


  
SyntaxError (/Users/matthewcross/airbnb-2.0/app/views/users/new.html.erb:7: syntax error, unexpected ')'
...ser, class:"ui form"do |form| );@output_buffer.safe_append='
...                              ^
/Users/matthewcross/airbnb-2.0/app/views/users/new.html.erb:25: syntax error, unexpected keyword_ensure, expecting ')'
          ensure
          ^~~~~~
/Users/matthewcross/airbnb-2.0/app/views/users/new.html.erb:27: syntax error, unexpected keyword_end, expecting ')'
          end
          ^~~):
  
app/views/users/new.html.erb:7: syntax error, unexpected ')'
app/views/users/new.html.erb:25: syntax error, unexpected keyword_ensure, expecting ')'
app/views/users/new.html.erb:27: syntax error, unexpected keyword_end, expecting ')'
Started GET "/sign_up" for 127.0.0.1 at 2018-11-12 16:21:07 +0800
Processing by Clearance::UsersController#new as HTML
  Rendering users/new.html.erb within layouts/application
  Rendered users/_form.html.erb (3.1ms)
  Rendered users/new.html.erb within layouts/application (8.9ms)
Completed 200 OK in 185ms (Views: 184.0ms | ActiveRecord: 0.0ms)


Started GET "/sign_up" for 127.0.0.1 at 2018-11-12 16:24:36 +0800
Processing by Clearance::UsersController#new as HTML
  Rendering users/new.html.erb within layouts/application
  Rendered users/_form.html.erb (1.6ms)
  Rendered users/new.html.erb within layouts/application (5.6ms)
Completed 200 OK in 169ms (Views: 167.9ms | ActiveRecord: 0.0ms)


Started GET "/sign_up" for 127.0.0.1 at 2018-11-12 16:25:19 +0800
Processing by Clearance::UsersController#new as HTML
  Rendering users/new.html.erb within layouts/application
  Rendered users/_form.html.erb (1.5ms)
  Rendered users/new.html.erb within layouts/application (6.0ms)
Completed 200 OK in 205ms (Views: 204.3ms | ActiveRecord: 0.0ms)


Started GET "/sign_up" for 127.0.0.1 at 2018-11-12 16:30:20 +0800
Processing by Clearance::UsersController#new as HTML
  Rendering users/new.html.erb within layouts/application
  Rendered users/_form.html.erb (1.5ms)
  Rendered users/new.html.erb within layouts/application (6.2ms)
Completed 200 OK in 167ms (Views: 165.8ms | ActiveRecord: 0.0ms)


Started GET "/sign_up" for 127.0.0.1 at 2018-11-12 16:31:12 +0800
Processing by Clearance::UsersController#new as HTML
  Rendering users/new.html.erb within layouts/application
  Rendered users/_form.html.erb (1.1ms)
  Rendered users/new.html.erb within layouts/application (4.3ms)
Completed 200 OK in 11651ms (Views: 11649.7ms | ActiveRecord: 0.0ms)


Started GET "/sign_up" for 127.0.0.1 at 2018-11-12 16:31:38 +0800
Processing by Clearance::UsersController#new as HTML
  Rendering users/new.html.erb within layouts/application
  Rendered users/_form.html.erb (1.2ms)
  Rendered users/new.html.erb within layouts/application (4.9ms)
Completed 200 OK in 161ms (Views: 160.0ms | ActiveRecord: 0.0ms)


Started GET "/sign_up" for 127.0.0.1 at 2018-11-12 16:34:05 +0800
Processing by Clearance::UsersController#new as HTML
  Rendering users/new.html.erb within layouts/application
  Rendered users/_form.html.erb (2.0ms)
  Rendered users/new.html.erb within layouts/application (6.2ms)
Completed 200 OK in 160ms (Views: 158.5ms | ActiveRecord: 0.0ms)


Started GET "/sign_up" for 127.0.0.1 at 2018-11-12 16:34:07 +0800
Processing by Clearance::UsersController#new as HTML
  Rendering users/new.html.erb within layouts/application
  Rendered users/_form.html.erb (1.1ms)
  Rendered users/new.html.erb within layouts/application (4.4ms)
Completed 200 OK in 154ms (Views: 153.4ms | ActiveRecord: 0.0ms)


Started GET "/sign_up" for 127.0.0.1 at 2018-11-12 16:34:18 +0800
Processing by Clearance::UsersController#new as HTML
  Rendering users/new.html.erb within layouts/application
  Rendered users/_form.html.erb (2.0ms)
  Rendered users/new.html.erb within layouts/application (6.0ms)
Completed 200 OK in 189ms (Views: 188.0ms | ActiveRecord: 0.0ms)


Started GET "/sign_up" for 127.0.0.1 at 2018-11-12 16:35:22 +0800
Processing by Clearance::UsersController#new as HTML
  Rendering users/new.html.erb within layouts/application
  Rendered users/_form.html.erb (1.8ms)
  Rendered users/new.html.erb within layouts/application (5.3ms)
Completed 200 OK in 10106ms (Views: 10104.4ms | ActiveRecord: 0.0ms)


Started GET "/sign_up" for 127.0.0.1 at 2018-11-12 16:37:22 +0800
Processing by Clearance::UsersController#new as HTML
  Rendering users/new.html.erb within layouts/application
  Rendered users/_form.html.erb (2.2ms)
  Rendered users/new.html.erb within layouts/application (6.6ms)
Completed 200 OK in 9535ms (Views: 9533.8ms | ActiveRecord: 0.0ms)


Started GET "/sign_up" for 127.0.0.1 at 2018-11-12 16:38:50 +0800
Processing by Clearance::UsersController#new as HTML
  Rendering users/new.html.erb within layouts/application
  Rendered users/_form.html.erb (1.4ms)
  Rendered users/new.html.erb within layouts/application (5.0ms)
Completed 200 OK in 9725ms (Views: 9724.1ms | ActiveRecord: 0.0ms)


Started GET "/sign_up" for 127.0.0.1 at 2018-11-12 16:39:11 +0800
Processing by Clearance::UsersController#new as HTML
  Rendering users/new.html.erb within layouts/application
  Rendered users/_form.html.erb (1.5ms)
  Rendered users/new.html.erb within layouts/application (6.8ms)
Completed 200 OK in 9553ms (Views: 9552.0ms | ActiveRecord: 0.0ms)


Started GET "/sign_up" for 127.0.0.1 at 2018-11-12 16:39:40 +0800
Processing by Clearance::UsersController#new as HTML
  Rendering users/new.html.erb within layouts/application
  Rendered users/_form.html.erb (2.0ms)
  Rendered users/new.html.erb within layouts/application (6.2ms)
Completed 200 OK in 156ms (Views: 155.3ms | ActiveRecord: 0.0ms)


Started GET "/sign_up" for 127.0.0.1 at 2018-11-12 16:39:44 +0800
Processing by Clearance::UsersController#new as HTML
  Rendering users/new.html.erb within layouts/application
  Rendered users/_form.html.erb (1.3ms)
  Rendered users/new.html.erb within layouts/application (5.0ms)
Completed 200 OK in 154ms (Views: 153.2ms | ActiveRecord: 0.0ms)


Started GET "/sign_up" for 127.0.0.1 at 2018-11-12 16:39:57 +0800
Processing by Clearance::UsersController#new as HTML
  Rendering users/new.html.erb within layouts/application
  Rendered users/_form.html.erb (1.5ms)
  Rendered users/new.html.erb within layouts/application (5.4ms)
Completed 200 OK in 148ms (Views: 146.8ms | ActiveRecord: 0.0ms)


Started GET "/sign_up" for 127.0.0.1 at 2018-11-12 16:39:59 +0800
Processing by Clearance::UsersController#new as HTML
  Rendering users/new.html.erb within layouts/application
  Rendered users/_form.html.erb (1.3ms)
  Rendered users/new.html.erb within layouts/application (5.6ms)
Completed 200 OK in 154ms (Views: 152.8ms | ActiveRecord: 0.0ms)


Started GET "/sign_up" for 127.0.0.1 at 2018-11-12 16:40:00 +0800
Processing by Clearance::UsersController#new as HTML
  Rendering users/new.html.erb within layouts/application
  Rendered users/_form.html.erb (1.5ms)
  Rendered users/new.html.erb within layouts/application (5.2ms)
Completed 200 OK in 218ms (Views: 217.3ms | ActiveRecord: 0.0ms)


Started GET "/sign_up" for 127.0.0.1 at 2018-11-12 16:40:12 +0800
Processing by Clearance::UsersController#new as HTML
  Rendering users/new.html.erb within layouts/application
  Rendered users/_form.html.erb (1.2ms)
  Rendered users/new.html.erb within layouts/application (4.9ms)
Completed 200 OK in 10200ms (Views: 10198.5ms | ActiveRecord: 0.0ms)


Started GET "/sign_up" for 127.0.0.1 at 2018-11-12 16:41:41 +0800
Processing by Clearance::UsersController#new as HTML
  Rendering users/new.html.erb within layouts/application
  Rendered users/_form.html.erb (1.1ms)
  Rendered users/new.html.erb within layouts/application (4.7ms)
Completed 200 OK in 9906ms (Views: 9903.6ms | ActiveRecord: 0.0ms)


Started GET "/sign_up" for 127.0.0.1 at 2018-11-12 16:42:09 +0800
Processing by Clearance::UsersController#new as HTML
  Rendering users/new.html.erb within layouts/application
  Rendered users/_form.html.erb (2.0ms)
  Rendered users/new.html.erb within layouts/application (7.5ms)
Completed 200 OK in 10145ms (Views: 10143.2ms | ActiveRecord: 0.0ms)


Started GET "/sign_up" for 127.0.0.1 at 2018-11-12 16:44:04 +0800
Processing by Clearance::UsersController#new as HTML
  Rendering users/new.html.erb within layouts/application
  Rendered users/_form.html.erb (1.6ms)
  Rendered users/new.html.erb within layouts/application (5.6ms)
Started GET "/sign_up" for 127.0.0.1 at 2018-11-12 16:44:07 +0800
Processing by Clearance::UsersController#new as HTML
  Rendering users/new.html.erb within layouts/application
  Rendered users/_form.html.erb (1.3ms)
  Rendered users/new.html.erb within layouts/application (79.5ms)
Completed 200 OK in 17296ms (Views: 17294.3ms | ActiveRecord: 0.0ms)


Completed 200 OK in 12618ms (Views: 12617.1ms | ActiveRecord: 0.0ms)


  [1m[35m (0.7ms)[0m  [1m[34mSELECT pg_try_advisory_lock(1916752905146403135)[0m
  ↳ bin/rails:9
  [1m[35m (3.5ms)[0m  [1m[34mSELECT "schema_migrations"."version" FROM "schema_migrations" ORDER BY "schema_migrations"."version" ASC[0m
  ↳ bin/rails:9
Migrating to AddColumnsToUsers (20181114033910)
  [1m[35m (0.2ms)[0m  [1m[35mBEGIN[0m
  ↳ bin/rails:9
  [1m[35m (39.9ms)[0m  [1m[35mALTER TABLE "users" ADD "full_name" character varying[0m
  ↳ db/migrate/20181114033910_add_columns_to_users.rb:3
  [1m[35m (0.3ms)[0m  [1m[35mALTER TABLE "users" ADD "address_line1" character varying[0m
  ↳ db/migrate/20181114033910_add_columns_to_users.rb:4
  [1m[35m (0.3ms)[0m  [1m[35mALTER TABLE "users" ADD "city" character varying[0m
  ↳ db/migrate/20181114033910_add_columns_to_users.rb:5
  [1m[35m (0.2ms)[0m  [1m[35mALTER TABLE "users" ADD "state" character varying[0m
  ↳ db/migrate/20181114033910_add_columns_to_users.rb:6
  [1m[35m (0.3ms)[0m  [1m[35mALTER TABLE "users" ADD "postcode" character varying[0m
  ↳ db/migrate/20181114033910_add_columns_to_users.rb:7
  [1m[35m (0.3ms)[0m  [1m[35mALTER TABLE "users" ADD "country" character varying[0m
  ↳ db/migrate/20181114033910_add_columns_to_users.rb:8
  [1m[35m (0.3ms)[0m  [1m[35mALTER TABLE "users" ADD "phone_number" character varying[0m
  ↳ db/migrate/20181114033910_add_columns_to_users.rb:9
  [1m[36mActiveRecord::SchemaMigration Create (0.8ms)[0m  [1m[32mINSERT INTO "schema_migrations" ("version") VALUES ($1) RETURNING "version"[0m  [["version", "20181114033910"]]
  ↳ bin/rails:9
  [1m[35m (1.3ms)[0m  [1m[35mCOMMIT[0m
  ↳ bin/rails:9
Migrating to CreateListings (20181114034355)
  [1m[35m (0.2ms)[0m  [1m[35mBEGIN[0m
  ↳ bin/rails:9
  [1m[35m (40.3ms)[0m  [1m[31mROLLBACK[0m
  ↳ bin/rails:9
  [1m[35m (0.3ms)[0m  [1m[34mSELECT pg_advisory_unlock(1916752905146403135)[0m
  ↳ bin/rails:9
  [1m[35m (0.3ms)[0m  [1m[34mSELECT pg_try_advisory_lock(1916752905146403135)[0m
  ↳ bin/rails:9
  [1m[35m (0.9ms)[0m  [1m[34mSELECT "schema_migrations"."version" FROM "schema_migrations" ORDER BY "schema_migrations"."version" ASC[0m
  ↳ bin/rails:9
Migrating to CreateListings (20181114034355)
  [1m[35m (0.3ms)[0m  [1m[35mBEGIN[0m
  ↳ bin/rails:9
  [1m[35m (0.2ms)[0m  [1m[31mROLLBACK[0m
  ↳ bin/rails:9
  [1m[35m (0.3ms)[0m  [1m[34mSELECT pg_advisory_unlock(1916752905146403135)[0m
  ↳ bin/rails:9
  [1m[35m (0.3ms)[0m  [1m[34mSELECT pg_try_advisory_lock(1916752905146403135)[0m
  ↳ bin/rails:9
  [1m[35m (0.8ms)[0m  [1m[34mSELECT "schema_migrations"."version" FROM "schema_migrations" ORDER BY "schema_migrations"."version" ASC[0m
  ↳ bin/rails:9
Migrating to CreateListings (20181114034355)
  [1m[35m (0.2ms)[0m  [1m[35mBEGIN[0m
  ↳ bin/rails:9
  [1m[35m (65.2ms)[0m  [1m[35mCREATE TABLE "listings" ("id" bigserial primary key, "user_id" bigint, "title" character varying, "property_type" character varying, "guests" integer, "bedrooms" integer, "bathrooms" integer, "price_per_night" integer, "address_line1" character varying, "city" character varying, "state" character varying, "postcode" character varying, "country" character varying, "created_at" timestamp NOT NULL, "updated_at" timestamp NOT NULL)[0m
  ↳ db/migrate/20181114034355_create_listings.rb:3
  [1m[35m (1.0ms)[0m  [1m[35mCREATE  INDEX  "index_listings_on_user_id" ON "listings"  ("user_id")[0m
  ↳ db/migrate/20181114034355_create_listings.rb:3
  [1m[36mActiveRecord::SchemaMigration Create (0.4ms)[0m  [1m[32mINSERT INTO "schema_migrations" ("version") VALUES ($1) RETURNING "version"[0m  [["version", "20181114034355"]]
  ↳ bin/rails:9
  [1m[35m (0.9ms)[0m  [1m[35mCOMMIT[0m
  ↳ bin/rails:9
Migrating to CreateReservations (20181114034418)
  [1m[35m (39.7ms)[0m  [1m[35mBEGIN[0m
  ↳ bin/rails:9
  [1m[35m (2.6ms)[0m  [1m[35mCREATE TABLE "reservations" ("id" bigserial primary key, "user_id" bigint, "listing_id" bigint, "check_in" date, "check_out" date, "payment_status" boolean DEFAULT FALSE, "created_at" timestamp NOT NULL, "updated_at" timestamp NOT NULL)[0m
  ↳ db/migrate/20181114034418_create_reservations.rb:3
  [1m[35m (1.1ms)[0m  [1m[35mCREATE  INDEX  "index_reservations_on_user_id" ON "reservations"  ("user_id")[0m
  ↳ db/migrate/20181114034418_create_reservations.rb:3
  [1m[35m (1.0ms)[0m  [1m[35mCREATE  INDEX  "index_reservations_on_listing_id" ON "reservations"  ("listing_id")[0m
  ↳ db/migrate/20181114034418_create_reservations.rb:3
  [1m[36mActiveRecord::SchemaMigration Create (0.3ms)[0m  [1m[32mINSERT INTO "schema_migrations" ("version") VALUES ($1) RETURNING "version"[0m  [["version", "20181114034418"]]
  ↳ bin/rails:9
  [1m[35m (0.5ms)[0m  [1m[35mCOMMIT[0m
  ↳ bin/rails:9
Migrating to CreateListingsTags (20181114064310)
  [1m[35m (40.7ms)[0m  [1m[35mBEGIN[0m
  ↳ bin/rails:9
  [1m[35m (3.7ms)[0m  [1m[35mCREATE TABLE "listings_tags" ("id" bigserial primary key, "tag_id" bigint, "listing_id" bigint, "created_at" timestamp NOT NULL, "updated_at" timestamp NOT NULL)[0m
  ↳ db/migrate/20181114064310_create_listings_tags.rb:3
  [1m[35m (1.2ms)[0m  [1m[35mCREATE  INDEX  "index_listings_tags_on_tag_id" ON "listings_tags"  ("tag_id")[0m
  ↳ db/migrate/20181114064310_create_listings_tags.rb:3
  [1m[35m (1.1ms)[0m  [1m[35mCREATE  INDEX  "index_listings_tags_on_listing_id" ON "listings_tags"  ("listing_id")[0m
  ↳ db/migrate/20181114064310_create_listings_tags.rb:3
  [1m[36mActiveRecord::SchemaMigration Create (0.4ms)[0m  [1m[32mINSERT INTO "schema_migrations" ("version") VALUES ($1) RETURNING "version"[0m  [["version", "20181114064310"]]
  ↳ bin/rails:9
  [1m[35m (0.7ms)[0m  [1m[35mCOMMIT[0m
  ↳ bin/rails:9
Migrating to CreateTags (20181114064420)
  [1m[35m (39.7ms)[0m  [1m[35mBEGIN[0m
  ↳ bin/rails:9
  [1m[35m (4.4ms)[0m  [1m[35mCREATE TABLE "tags" ("id" bigserial primary key, "name" character varying, "created_at" timestamp NOT NULL, "updated_at" timestamp NOT NULL)[0m
  ↳ db/migrate/20181114064420_create_tags.rb:3
  [1m[36mActiveRecord::SchemaMigration Create (0.3ms)[0m  [1m[32mINSERT INTO "schema_migrations" ("version") VALUES ($1) RETURNING "version"[0m  [["version", "20181114064420"]]
  ↳ bin/rails:9
  [1m[35m (0.6ms)[0m  [1m[35mCOMMIT[0m
  ↳ bin/rails:9
  [1m[36mActiveRecord::InternalMetadata Load (2.4ms)[0m  [1m[34mSELECT  "ar_internal_metadata".* FROM "ar_internal_metadata" WHERE "ar_internal_metadata"."key" = $1 LIMIT $2[0m  [["key", "environment"], ["LIMIT", 1]]
  ↳ bin/rails:9
  [1m[35m (0.2ms)[0m  [1m[35mBEGIN[0m
  ↳ bin/rails:9
  [1m[35m (0.1ms)[0m  [1m[35mCOMMIT[0m
  ↳ bin/rails:9
  [1m[35m (0.2ms)[0m  [1m[34mSELECT pg_advisory_unlock(1916752905146403135)[0m
  ↳ bin/rails:9
  [1m[35m (0.2ms)[0m  [1m[34mSELECT "schema_migrations"."version" FROM "schema_migrations" ORDER BY "schema_migrations"."version" ASC[0m
  ↳ bin/rails:9
Started GET "/" for 127.0.0.1 at 2018-11-14 15:00:15 +0800
  [1m[35m (0.7ms)[0m  [1m[34mSELECT "schema_migrations"."version" FROM "schema_migrations" ORDER BY "schema_migrations"."version" ASC[0m
  ↳ /Users/matthewcross/.rbenv/versions/2.5.1/lib/ruby/gems/2.5.0/gems/activerecord-5.2.1/lib/active_record/log_subscriber.rb:98
Processing by WelcomeController#index as HTML
  Rendering welcome/index.html.erb within layouts/application
  Rendered welcome/index.html.erb within layouts/application (1.4ms)
Completed 200 OK in 1560ms (Views: 1548.5ms | ActiveRecord: 0.0ms)


